{"D:\\preparation 2025\\Namaste React Prep tutorial\\react-namaste-prep-2024\\src\\components\\Contact.js": {"path":"D:\\preparation 2025\\Namaste React Prep tutorial\\react-namaste-prep-2024\\src\\components\\Contact.js","statementMap":{"0":{"start":{"line":3,"column":16},"end":{"line":24,"column":1}},"1":{"start":{"line":4,"column":2},"end":{"line":23,"column":4}}},"fnMap":{"0":{"name":"(anonymous_0)","decl":{"start":{"line":3,"column":16},"end":{"line":3,"column":17}},"loc":{"start":{"line":3,"column":22},"end":{"line":24,"column":1}},"line":3}},"branchMap":{},"s":{"0":1,"1":4},"f":{"0":4},"b":{},"_coverageSchema":"1a1c01bbd47fc00a2c39e90264f33305004495a9","hash":"eddd89057a0ed7d91b25228fe030f29f8d2d287f"}
,"D:\\preparation 2025\\Namaste React Prep tutorial\\react-namaste-prep-2024\\src\\components\\sum.js": {"path":"D:\\preparation 2025\\Namaste React Prep tutorial\\react-namaste-prep-2024\\src\\components\\sum.js","statementMap":{"0":{"start":{"line":3,"column":12},"end":{"line":5,"column":1}},"1":{"start":{"line":4,"column":2},"end":{"line":4,"column":15}}},"fnMap":{"0":{"name":"(anonymous_0)","decl":{"start":{"line":3,"column":12},"end":{"line":3,"column":13}},"loc":{"start":{"line":3,"column":22},"end":{"line":5,"column":1}},"line":3}},"branchMap":{},"s":{"0":1,"1":1},"f":{"0":1},"b":{},"_coverageSchema":"1a1c01bbd47fc00a2c39e90264f33305004495a9","hash":"d8bed0077e2ed21f4d48eb076bf03fa22340ffb0"}
}
